<?xml version="1.0" encoding="UTF-8"?>
<!-- Generated by org.testng.reporters.JUnitReportReporter -->
<testsuite hostname="Deepak" failures="0" tests="1" name="com.Qa.testCases.DemoTest" time="0.016" errors="0" timestamp="2024-04-14T20:44:44 IST" skipped="0">
  <testcase classname="com.Qa.testCases.DemoTest" name="Run" time="0.016"/>
</testsuite> <!-- com.Qa.testCases.DemoTest -->
