<?xml version="1.0" encoding="UTF-8"?>
<!-- Generated by org.testng.reporters.JUnitReportReporter -->
<testsuite hostname="Deepak" failures="0" tests="3" name="com.Qa.testCases.FacebookLoginTest" time="7.599" errors="0" timestamp="2024-04-15T07:23:42 IST" skipped="0">
  <testcase classname="com.Qa.testCases.FacebookLoginTest" name="EnterUserName" time="3.179"/>
  <testcase classname="com.Qa.testCases.FacebookLoginTest" name="EnterPassword" time="2.241"/>
  <testcase classname="com.Qa.testCases.FacebookLoginTest" name="clickOnLoginButton" time="2.179"/>
</testsuite> <!-- com.Qa.testCases.FacebookLoginTest -->
